<?xml version="1.0" encoding="UTF-8"?>
<!-- Generated by org.testng.reporters.JUnitXMLReporter -->
<testsuite ignored="0" hostname="Deepak-Kumar-LP" failures="0" tests="4" name="Default test" time="186.14" errors="0" timestamp="2025-06-06T16:27:20 IST">
  <testcase classname="Test.AdvertiseWithUs" name="testSellResidentialAdFlow" time="41.005"/>
  <testcase classname="Test.AdvertiseWithUs" name="testSellCommercialAdFlow" time="37.617"/>
  <testcase classname="Test.AdvertiseWithUs" name="testRentResidentialAdFlow" time="35.479"/>
  <testcase classname="Test.AdvertiseWithUs" name="testRentCommercialAdFlow" time="35.831"/>
</testsuite> <!-- Default test -->
