<?xml version="1.0" encoding="UTF-8"?>
<!-- Generated by org.testng.reporters.JUnitXMLReporter -->
<testsuite ignored="0" hostname="Deepak-Kumar-LP" failures="0" tests="4" name="Default test" time="217.747" errors="0" timestamp="2025-05-01T17:13:29 IST">
  <testcase classname="Test.AdvertiseWithUs" name="testSellResidentialAdFlow" time="56.234"/>
  <testcase classname="Test.AdvertiseWithUs" name="testSellCommercialAdFlow" time="44.382"/>
  <testcase classname="Test.AdvertiseWithUs" name="testRentResidentialAdFlow" time="43.404"/>
  <testcase classname="Test.AdvertiseWithUs" name="testRentCommercialAdFlow" time="37.369"/>
</testsuite> <!-- Default test -->
