<?xml version="1.0" encoding="UTF-8"?>
<testng-results ignored="0" total="4" passed="4" failed="0" skipped="0">
  <reporter-output>
  </reporter-output>
  <suite started-at="2025-05-01T17:09:51 IST" name="Default suite" finished-at="2025-05-01T17:13:29 IST" duration-ms="217747">
    <groups>
    </groups>
    <test started-at="2025-05-01T17:09:51 IST" name="Default test" finished-at="2025-05-01T17:13:29 IST" duration-ms="217747">
      <class name="Test.AdvertiseWithUs">
        <test-method is-config="true" signature="setUpBrowser()[pri:0, instance:Test.AdvertiseWithUs@6b8ca3c8]" started-at="2025-05-01T17:09:51 IST" name="setUpBrowser" finished-at="2025-05-01T17:10:25 IST" duration-ms="34299" status="PASS">
          <reporter-output>
          </reporter-output>
        </test-method> <!-- setUpBrowser -->
        <test-method is-config="true" signature="initializePages()[pri:0, instance:Test.AdvertiseWithUs@6b8ca3c8]" started-at="2025-05-01T17:10:25 IST" name="initializePages" finished-at="2025-05-01T17:10:25 IST" duration-ms="51" status="PASS">
          <reporter-output>
          </reporter-output>
        </test-method> <!-- initializePages -->
        <test-method signature="testSellResidentialAdFlow()[pri:1, instance:Test.AdvertiseWithUs@6b8ca3c8]" started-at="2025-05-01T17:10:25 IST" name="testSellResidentialAdFlow" finished-at="2025-05-01T17:11:22 IST" duration-ms="56234" status="PASS">
          <reporter-output>
          </reporter-output>
        </test-method> <!-- testSellResidentialAdFlow -->
        <test-method is-config="true" signature="initializePages()[pri:0, instance:Test.AdvertiseWithUs@6b8ca3c8]" started-at="2025-05-01T17:11:22 IST" name="initializePages" finished-at="2025-05-01T17:11:22 IST" duration-ms="9" status="PASS">
          <reporter-output>
          </reporter-output>
        </test-method> <!-- initializePages -->
        <test-method signature="testSellCommercialAdFlow()[pri:2, instance:Test.AdvertiseWithUs@6b8ca3c8]" started-at="2025-05-01T17:11:22 IST" name="testSellCommercialAdFlow" finished-at="2025-05-01T17:12:06 IST" duration-ms="44382" status="PASS">
          <reporter-output>
          </reporter-output>
        </test-method> <!-- testSellCommercialAdFlow -->
        <test-method is-config="true" signature="initializePages()[pri:0, instance:Test.AdvertiseWithUs@6b8ca3c8]" started-at="2025-05-01T17:12:06 IST" name="initializePages" finished-at="2025-05-01T17:12:06 IST" duration-ms="5" status="PASS">
          <reporter-output>
          </reporter-output>
        </test-method> <!-- initializePages -->
        <test-method signature="testRentResidentialAdFlow()[pri:3, instance:Test.AdvertiseWithUs@6b8ca3c8]" started-at="2025-05-01T17:12:06 IST" name="testRentResidentialAdFlow" finished-at="2025-05-01T17:12:50 IST" duration-ms="43404" status="PASS">
          <reporter-output>
          </reporter-output>
        </test-method> <!-- testRentResidentialAdFlow -->
        <test-method is-config="true" signature="initializePages()[pri:0, instance:Test.AdvertiseWithUs@6b8ca3c8]" started-at="2025-05-01T17:12:50 IST" name="initializePages" finished-at="2025-05-01T17:12:50 IST" duration-ms="9" status="PASS">
          <reporter-output>
          </reporter-output>
        </test-method> <!-- initializePages -->
        <test-method signature="testRentCommercialAdFlow()[pri:4, instance:Test.AdvertiseWithUs@6b8ca3c8]" started-at="2025-05-01T17:12:50 IST" name="testRentCommercialAdFlow" finished-at="2025-05-01T17:13:27 IST" duration-ms="37369" status="PASS">
          <reporter-output>
          </reporter-output>
        </test-method> <!-- testRentCommercialAdFlow -->
        <test-method is-config="true" signature="teardown()[pri:0, instance:Test.AdvertiseWithUs@6b8ca3c8]" started-at="2025-05-01T17:13:27 IST" name="teardown" finished-at="2025-05-01T17:13:29 IST" duration-ms="1611" status="PASS">
          <reporter-output>
          </reporter-output>
        </test-method> <!-- teardown -->
      </class> <!-- Test.AdvertiseWithUs -->
    </test> <!-- Default test -->
  </suite> <!-- Default suite -->
</testng-results>
