<?xml version="1.0" encoding="UTF-8"?>
<testng-results ignored="0" total="4" passed="4" failed="0" skipped="0">
  <reporter-output>
  </reporter-output>
  <suite started-at="2025-06-06T16:24:14 IST" name="Default suite" finished-at="2025-06-06T16:27:20 IST" duration-ms="186140">
    <groups>
    </groups>
    <test started-at="2025-06-06T16:24:14 IST" name="Default test" finished-at="2025-06-06T16:27:20 IST" duration-ms="186140">
      <class name="Test.AdvertiseWithUs">
        <test-method is-config="true" signature="setUpBrowser()[pri:0, instance:Test.AdvertiseWithUs@1af146]" started-at="2025-06-06T16:24:14 IST" name="setUpBrowser" finished-at="2025-06-06T16:24:44 IST" duration-ms="29754" status="PASS">
          <reporter-output>
          </reporter-output>
        </test-method> <!-- setUpBrowser -->
        <test-method is-config="true" signature="initializePages()[pri:0, instance:Test.AdvertiseWithUs@1af146]" started-at="2025-06-06T16:24:44 IST" name="initializePages" finished-at="2025-06-06T16:24:44 IST" duration-ms="29" status="PASS">
          <reporter-output>
          </reporter-output>
        </test-method> <!-- initializePages -->
        <test-method signature="testSellResidentialAdFlow()[pri:1, instance:Test.AdvertiseWithUs@1af146]" started-at="2025-06-06T16:24:44 IST" name="testSellResidentialAdFlow" description="Verified- Sell Residential B2C end-to-end Flow and SendRequest Flow" finished-at="2025-06-06T16:25:25 IST" duration-ms="41005" status="PASS">
          <reporter-output>
          </reporter-output>
        </test-method> <!-- testSellResidentialAdFlow -->
        <test-method is-config="true" signature="initializePages()[pri:0, instance:Test.AdvertiseWithUs@1af146]" started-at="2025-06-06T16:25:26 IST" name="initializePages" finished-at="2025-06-06T16:25:26 IST" duration-ms="7" status="PASS">
          <reporter-output>
          </reporter-output>
        </test-method> <!-- initializePages -->
        <test-method signature="testSellCommercialAdFlow()[pri:2, instance:Test.AdvertiseWithUs@1af146]" started-at="2025-06-06T16:25:26 IST" name="testSellCommercialAdFlow" description="Verified- Sell Commercial B2C end-to-end Flow and SendRequest Flow" finished-at="2025-06-06T16:26:03 IST" duration-ms="37617" status="PASS">
          <reporter-output>
          </reporter-output>
        </test-method> <!-- testSellCommercialAdFlow -->
        <test-method is-config="true" signature="initializePages()[pri:0, instance:Test.AdvertiseWithUs@1af146]" started-at="2025-06-06T16:26:04 IST" name="initializePages" finished-at="2025-06-06T16:26:04 IST" duration-ms="3" status="PASS">
          <reporter-output>
          </reporter-output>
        </test-method> <!-- initializePages -->
        <test-method signature="testRentResidentialAdFlow()[pri:3, instance:Test.AdvertiseWithUs@1af146]" started-at="2025-06-06T16:26:04 IST" name="testRentResidentialAdFlow" description="Verified- Rent Residential B2C end-to-end Flow and SendRequest Flow" finished-at="2025-06-06T16:26:39 IST" duration-ms="35479" status="PASS">
          <reporter-output>
          </reporter-output>
        </test-method> <!-- testRentResidentialAdFlow -->
        <test-method is-config="true" signature="initializePages()[pri:0, instance:Test.AdvertiseWithUs@1af146]" started-at="2025-06-06T16:26:40 IST" name="initializePages" finished-at="2025-06-06T16:26:40 IST" duration-ms="6" status="PASS">
          <reporter-output>
          </reporter-output>
        </test-method> <!-- initializePages -->
        <test-method signature="testRentCommercialAdFlow()[pri:4, instance:Test.AdvertiseWithUs@1af146]" started-at="2025-06-06T16:26:40 IST" name="testRentCommercialAdFlow" description="Verified- Rent Commercial B2C end-to-end Flow and SendRequest Flow" finished-at="2025-06-06T16:27:16 IST" duration-ms="35831" status="PASS">
          <reporter-output>
          </reporter-output>
        </test-method> <!-- testRentCommercialAdFlow -->
        <test-method is-config="true" signature="teardown()[pri:0, instance:Test.AdvertiseWithUs@1af146]" started-at="2025-06-06T16:27:17 IST" name="teardown" finished-at="2025-06-06T16:27:20 IST" duration-ms="3152" status="PASS">
          <reporter-output>
          </reporter-output>
        </test-method> <!-- teardown -->
      </class> <!-- Test.AdvertiseWithUs -->
    </test> <!-- Default test -->
  </suite> <!-- Default suite -->
</testng-results>
