<?xml version="1.0" encoding="UTF-8"?>
<!-- Generated by org.testng.reporters.JUnitXMLReporter -->
<testsuite ignored="0" hostname="Deepak-Kumar-LP" failures="0" tests="4" name="FirefoxTest" time="5.622" errors="0" timestamp="2025-05-29T17:37:14 IST">
  <testcase classname="Test.AdvertiseWithUs" name="testSellResidentialAdFlow" time="0.001">
    <skipped/>
  </testcase> <!-- testSellResidentialAdFlow -->
  <testcase classname="Test.AdvertiseWithUs" name="testSellCommercialAdFlow" time="0.001">
    <skipped/>
  </testcase> <!-- testSellCommercialAdFlow -->
  <testcase classname="Test.AdvertiseWithUs" name="testRentResidentialAdFlow" time="0.0">
    <skipped/>
  </testcase> <!-- testRentResidentialAdFlow -->
  <testcase classname="Test.AdvertiseWithUs" name="testRentCommercialAdFlow" time="0.0">
    <skipped/>
  </testcase> <!-- testRentCommercialAdFlow -->
</testsuite> <!-- FirefoxTest -->
